PS E:\90.work\python\tensorflow-master\tensorflow\examples\tutorials\mnist_cnn> cd 'e:\90.work\python\tensorflow-master\tensorflow\examples\tutorials\mnist_cnn'; ${env:PYTHONIOENCODING}='UTF-8'; ${env:PYTHONUNBUFFERED}='1';
& 'C:\Users\s00225693\AppData\Local\Programs\Python\Python37\python.exe' 'c:\Users\s00225693\.vscode\extensions\ms-python.python-2019.1.0\pythonFiles\ptvsd_launcher.py' '--default' '--client' '--host' 'localhost' '--port' '49979' 'e:\90.work\python\tensorflow-master\tensorflow\examples\tutorials\mnist_cnn\mnist_cnn_pro.py'
WARNING:tensorflow:From e:\90.work\python\tensorflow-master\tensorflow\examples\tutorials\mnist_cnn\mnist_cnn_pro.py:10: read_data_sets (from tensorflow.contrib.learn.python.learn.datasets.mnist) is deprecated and will be removed in a future version.
Instructions for updating:
Please use alternatives such as official/mnist/dataset.py from tensorflow/models.
WARNING:tensorflow:From C:\Users\s00225693\AppData\Local\Programs\Python\Python37\lib\site-packages\tensorflow\contrib\learn\python\learn\datasets\mnist.py:260: maybe_download (from tensorflow.contrib.learn.python.learn.datasets.base) is deprecated and will be removed in a future version.
Instructions for updating:
Please write your own downloading logic.
WARNING:tensorflow:From C:\Users\s00225693\AppData\Local\Programs\Python\Python37\lib\site-packages\tensorflow\contrib\learn\python\learn\datasets\mnist.py:262: extract_images (from tensorflow.contrib.learn.python.learn.datasets.mnist) is deprecated and will be removed in a future version.
Instructions for updating:
Please use tf.data to implement this functionality.
Extracting /tmp/data/train-images-idx3-ubyte.gz
WARNING:tensorflow:From C:\Users\s00225693\AppData\Local\Programs\Python\Python37\lib\site-packages\tensorflow\contrib\learn\python\learn\datasets\mnist.py:267: extract_labels (from tensorflow.contrib.learn.python.learn.datasets.mnist) is deprecated and will be removed in a future version.
Instructions for updating:
Please use tf.data to implement this functionality.
Extracting /tmp/data/train-labels-idx1-ubyte.gz
WARNING:tensorflow:From C:\Users\s00225693\AppData\Local\Programs\Python\Python37\lib\site-packages\tensorflow\contrib\learn\python\learn\datasets\mnist.py:110: dense_to_one_hot (from tensorflow.contrib.learn.python.learn.datasets.mnist) is deprecated and will be removed in a future version.
Instructions for updating:
Please use tf.one_hot on tensors.
Extracting /tmp/data/t10k-images-idx3-ubyte.gz
Extracting /tmp/data/t10k-labels-idx1-ubyte.gz
WARNING:tensorflow:From C:\Users\s00225693\AppData\Local\Programs\Python\Python37\lib\site-packages\tensorflow\contrib\learn\python\learn\datasets\mnist.py:290: DataSet.__init__ (from tensorflow.contrib.learn.python.learn.datasets.mnist) is deprecated and will be removed in a future version.n.learn.datasets.mnist) is deprecated and will be remove
d in a future version.
Instructions for updating:                                                                            nsorflow\python\framework\op_def_library.py:263: colocate_with (from tensorflow.Please use alternatives such as official/mnist/dataset.py from tensorflow/models.WARNING:tensorflow:From C:\Users\s00225693\AppData\Local\Programs\Python\Python37\lib\site-packages\tensorflow\python\framework\op_def_library.py:263: colocat
e_with (from tensorflow.python.framework.ops) is deprecated and will be removed in a future version.  ist_cnn_pro.py:51: calling dropout (from tensorflow.python.ops.nn_ops) with keepWARNING:tensorflow:From C:\Users\s00225693\AppData\Local\Programs\Python\Python37\lib\site-packages\tensorflow\python\framework\op_def_library.py:263: colocate_with (from tensorflow.python.framework.ops) is deprecated and will be removed in a future version.                                                                                             tructions that this TensorFlow binary was not compiled to use: AVX2
WARNING:tensorflow:From C:\Users\s00225693\AppData\Local\Programs\Python\Python37\lib\site-packages\tensorflow\python\framework\op_def_li
brary.py:263: colocate_with (from tensorflow.python.framework.ops) is deprecated and will be removed i
n a future version.
Instructions for updating:
WARNING:tensorflow:From C:\Users\s00225693\AppData\Local\Programs\Python\Python37\lib\site-packages\te
nsorflow\python\framework
\op_def_library.py:263: colocate_with (from tensorflow.python.framework.ops) is deprecated and will be
 removed in a future vers
ion.
WARNING:tensorflow:From C:\Users\s00225693\AppData\Local\Programs\Python\Python37\lib\site-packages\te
nsorflow\p
ython\framework\op_def_library.py:263: colocate_with (from tensorflow.python.framework.ops) is depreca
ted and wi
ll be removed in a future version.
WARNING:tensorflow:From C:\Users\s00225693\AppData\Local\Programs\Python\Python37\lib\site-packages\t
ensor
flow\python\framework\op_def_library.py:263: colocate_with (from tensorflow.python.framework.ops) is n
depre
cated and will be removed in a future version.
WARNING:tensorflow:From C:\Users\s00225693\AppData\Local\Programs\Python\Python37\lib\site-packages\t
eolocations handled automatically by placer.
nsorflow\python\framework\op_def_library.py:263: colocate_with (from tensorflow.python.framework.ops)is deprecated and will be removed in a future version.
WARNING:tensorflow:From C:\Users\s00225693\AppData\Local\Programs\Python\Python37\lib\site-packages\tensorflow\python\framework\op_def_library.py:263: colocate_with (from tensorflow.python.framework.ops) is deprecated and will be removed in a future version.
Instructions for updating:
Colocations handled automatically by placer.
WARNING:tensorflow:From e:\90.work\python\tensorflow-master\tensorflow\examples\tutorials\mnist_cnn\mnist_cnn_pro.py:51: calling dropout (from tensorflow.python.ops.nn_ops) with keep_prob is deprecated and will be removed in a future version.
Instructions for updating:
Please use `rate` instead of `keep_prob`. Rate should be set to `rate = 1 - keep_prob`.
2019-04-27 08:43:19.439865: I tensorflow/core/platform/cpu_feature_guard.cc:141] Your CPU supports instructions that this TensorFlow binary was not compiled to use: AVX2
step 0, training accuracy 0.1
step 100, training accuracy 0.84
step 200, training accuracy 0.88
step 300, training accuracy 0.96
step 400, training accuracy 0.98
step 500, training accuracy 0.92
step 600, training accuracy 0.98
step 700, training accuracy 0.94
step 800, training accuracy 0.96
step 900, training accuracy 0.92
step 1000, training accuracy 0.96
step 1100, training accuracy 1
step 1200, training accuracy 1
step 1300, training accuracy 0.98
step 1400, training accuracy 0.94
step 1500, training accuracy 0.98
step 1600, training accuracy 0.98
step 1700, training accuracy 0.98
step 1800, training accuracy 0.94
step 1900, training accuracy 0.96
step 2000, training accuracy 0.98
step 2100, training accuracy 0.92
step 2200, training accuracy 0.98
step 2300, training accuracy 1
step 2400, training accuracy 1
step 2500, training accuracy 0.96
step 2600, training accuracy 0.96
step 2700, training accuracy 0.98
step 2800, training accuracy 0.98
step 2900, training accuracy 0.98
step 3000, training accuracy 0.94
step 3100, training accuracy 0.98
step 3200, training accuracy 0.98
step 3300, training accuracy 0.98
step 3400, training accuracy 1
step 3500, training accuracy 1
step 3600, training accuracy 0.98
step 3700, training accuracy 1
step 3800, training accuracy 0.98
step 3900, training accuracy 0.98
step 4000, training accuracy 1
step 4100, training accuracy 0.96
step 4200, training accuracy 0.98
step 4300, training accuracy 1
step 4400, training accuracy 1
step 4500, training accuracy 1
step 4600, training accuracy 0.98
step 4700, training accuracy 0.98
step 4800, training accuracy 0.98
step 4900, training accuracy 1
step 5000, training accuracy 1
step 5100, training accuracy 0.98
step 5200, training accuracy 1
step 5300, training accuracy 0.98
step 5400, training accuracy 0.98
step 5500, training accuracy 0.98
step 5600, training accuracy 1
step 5700, training accuracy 1
step 5800, training accuracy 0.98
step 5900, training accuracy 1
step 6000, training accuracy 0.98
step 6100, training accuracy 1
step 6200, training accuracy 0.98
step 6300, training accuracy 0.98
step 6400, training accuracy 1
step 6500, training accuracy 0.98
step 6600, training accuracy 1
step 6700, training accuracy 1
step 6800, training accuracy 1
step 6900, training accuracy 0.98
step 7000, training accuracy 0.98
step 7100, training accuracy 0.98
step 7200, training accuracy 1
step 7300, training accuracy 1
step 7400, training accuracy 0.98
step 7500, training accuracy 1
step 7600, training accuracy 0.98
step 7700, training accuracy 1
step 7800, training accuracy 0.98
step 7900, training accuracy 0.98
step 8000, training accuracy 1
step 8100, training accuracy 1
step 8200, training accuracy 1
step 8300, training accuracy 1
step 8400, training accuracy 1
step 8500, training accuracy 1
step 8600, training accuracy 0.98
step 8700, training accuracy 1
step 8800, training accuracy 1
step 8900, training accuracy 1
step 9000, training accuracy 1
step 9100, training accuracy 1
step 9200, training accuracy 0.98
step 9300, training accuracy 1
step 9400, training accuracy 1
step 9500, training accuracy 1
step 9600, training accuracy 1
step 9700, training accuracy 1
step 9800, training accuracy 1
step 9900, training accuracy 1
step 10000, training accuracy 1
step 10100, training accuracy 1
step 10200, training accuracy 0.98
step 10300, training accuracy 0.98
step 10400, training accuracy 0.98
step 10500, training accuracy 1
step 10600, training accuracy 1
step 10700, training accuracy 1
step 10800, training accuracy 1
step 10900, training accuracy 0.98
step 11000, training accuracy 0.98
step 11100, training accuracy 1
step 11200, training accuracy 1
step 11300, training accuracy 1
step 11400, training accuracy 1
step 11500, training accuracy 1
step 11600, training accuracy 1
step 11700, training accuracy 1
step 11800, training accuracy 0.98
step 11900, training accuracy 1
step 12000, training accuracy 1
step 12100, training accuracy 1
step 12200, training accuracy 1
step 12300, training accuracy 1
step 12400, training accuracy 1
step 12500, training accuracy 1
step 12600, training accuracy 1
step 12700, training accuracy 1
step 12800, training accuracy 1
step 12900, training accuracy 1
step 13000, training accuracy 1
step 13100, training accuracy 1
step 13200, training accuracy 1
step 13300, training accuracy 1
step 13400, training accuracy 1
step 13500, training accuracy 0.98
step 13600, training accuracy 1
step 13700, training accuracy 1
step 13800, training accuracy 1
step 13900, training accuracy 1
step 14000, training accuracy 0.98
step 14100, training accuracy 1
step 14200, training accuracy 1
step 14300, training accuracy 1
step 14400, training accuracy 1
step 14500, training accuracy 1
step 14600, training accuracy 1
step 14700, training accuracy 1
step 14800, training accuracy 1
step 14900, training accuracy 1
step 15000, training accuracy 1
step 15100, training accuracy 1
step 15200, training accuracy 1
step 15300, training accuracy 1
step 15400, training accuracy 1
step 15500, training accuracy 1
step 15600, training accuracy 1
step 15700, training accuracy 1
step 15800, training accuracy 1
step 15900, training accuracy 1
step 16000, training accuracy 1
step 16100, training accuracy 0.98
step 16200, training accuracy 1
step 16300, training accuracy 1
step 16400, training accuracy 1
step 16500, training accuracy 1
step 16600, training accuracy 1
step 16700, training accuracy 1
step 16800, training accuracy 1
step 16900, training accuracy 1
step 17000, training accuracy 1
step 17100, training accuracy 1
step 17200, training accuracy 1
step 17300, training accuracy 1
step 17400, training accuracy 1
step 17500, training accuracy 1
step 17600, training accuracy 1
step 17700, training accuracy 1
step 17800, training accuracy 1
step 17900, training accuracy 1
step 18000, training accuracy 1
step 18100, training accuracy 1
step 18200, training accuracy 1
step 18300, training accuracy 1
step 18400, training accuracy 1
step 18500, training accuracy 1
step 18600, training accuracy 1
step 18700, training accuracy 1
step 18800, training accuracy 1
step 18900, training accuracy 1
step 19000, training accuracy 1
step 19100, training accuracy 1
step 19200, training accuracy 1
step 19300, training accuracy 1
step 19400, training accuracy 1
step 19500, training accuracy 1
step 19600, training accuracy 1
step 19700, training accuracy 1
step 19800, training accuracy 1
step 19900, training accuracy 1
2019-04-27 09:49:51.383513: W tensorflow/core/framework/allocator.cc:124] Allocation of 1003520000 exceeds 10% of system memory.
2019-04-27 09:50:26.628833: W tensorflow/core/framework/allocator.cc:124] Allocation of 250880000 exceeds 10% of system memory.
2019-04-27 09:50:27.116304: W tensorflow/core/framework/allocator.cc:124] Allocation of 501760000 exceeds 10% of system memory.
2019-04-27 10:16:33.281346: W tensorflow/core/framework/allocator.cc:124] Allocation of 125440000 exceeds 10% of system memory.
PS E:\90.work\python\tensorflow-master\tensorflow\examples\tutorials\mnist_cnn>
PS E:\90.work\python\tensorflow-master\tensorflow\examples\tutorials\mnist_cnn>